2024-05-28T13:48:49.165896+0300 SUCCESS Get user data
2024-05-28T13:48:49.891277+0300 INFO  Request status: 200
2024-05-28T13:48:49.891738+0300 SUCCESS Get feedbacks
2024-05-28T15:06:55.718909+0300 SUCCESS User create in Database
2024-05-28T15:07:49.558606+0300 SUCCESS Return count query
2024-05-28T15:07:53.432135+0300 INFO User was added in Database
2024-05-28T15:07:53.433202+0300 SUCCESS Return count query
2024-05-28T15:08:27.766694+0300 INFO User was added in Database
2024-05-28T15:08:27.767549+0300 SUCCESS Return count query
2024-05-28T15:08:33.944851+0300 INFO User was added in Database
2024-05-28T15:08:33.945862+0300 SUCCESS Return count query
2024-05-28T15:08:40.390255+0300 SUCCESS Return count query
2024-05-28T15:09:06.151668+0300 INFO User was added in Database
2024-05-28T15:09:06.152613+0300 SUCCESS Return count query
2024-05-28T15:11:47.673091+0300 SUCCESS Return count query
2024-05-28T15:11:50.476389+0300 SUCCESS Get user data
2024-05-28T15:14:46.638267+0300 INFO User was added in Database
2024-05-28T15:14:46.639292+0300 SUCCESS Return count query
2024-05-28T15:59:44.074917+0300 INFO User was added in Database
2024-05-28T15:59:44.077263+0300 SUCCESS Return count query
2024-05-28T16:03:04.466313+0300 INFO User was added in Database
2024-05-28T16:03:04.467305+0300 SUCCESS Return count query
2024-05-28T16:04:49.252048+0300 INFO User was added in Database
2024-05-28T16:04:49.253271+0300 SUCCESS Return count query
2024-05-28T16:06:55.167730+0300 SUCCESS Set WB token
2024-05-28T16:11:00.564362+0300 SUCCESS Get user data
2024-05-28T16:11:06.197404+0300 SUCCESS Return count query
2024-05-28T16:19:28.813384+0300 SUCCESS Get user data
2024-05-28T16:20:51.961714+0300 SUCCESS Update count query
2024-05-28T16:20:51.962636+0300 SUCCESS Status payed is True
2024-05-28T16:20:54.485262+0300 SUCCESS Get user data
2024-05-28T16:20:57.582613+0300 SUCCESS Update count query
2024-05-28T16:20:57.583512+0300 SUCCESS Status payed is True
2024-05-28T16:23:59.936050+0300 SUCCESS Get user data
2024-05-28T16:24:01.916455+0300 INFO  Request status: 200
2024-05-28T16:24:01.916917+0300 SUCCESS Get feedbacks
2024-05-28T16:27:30.856940+0300 SUCCESS Get user data
2024-05-28T16:27:31.444913+0300 INFO  Request status: 200
2024-05-28T16:27:31.445487+0300 SUCCESS Get feedbacks
2024-05-28T16:27:58.031032+0300 SUCCESS Get user data
2024-05-28T16:27:58.496692+0300 INFO  Request status: 200
2024-05-28T16:27:58.497201+0300 SUCCESS Get feedbacks
2024-05-28T16:28:48.272253+0300 SUCCESS Get user data
2024-05-28T16:28:48.768782+0300 INFO  Request status: 200
2024-05-28T16:28:48.769240+0300 SUCCESS Get feedbacks
2024-05-28T16:29:07.342115+0300 SUCCESS Get user data
2024-05-28T16:29:07.860154+0300 INFO  Request status: 200
2024-05-28T16:29:07.860847+0300 SUCCESS Get feedbacks
2024-05-28T16:30:06.391731+0300 SUCCESS Get user data
2024-05-28T16:30:06.877286+0300 INFO  Request status: 200
2024-05-28T16:30:06.877953+0300 SUCCESS Get feedbacks
2024-05-28T16:32:09.110245+0300 SUCCESS Get user data
2024-05-28T16:32:09.909166+0300 INFO  Request status: 200
2024-05-28T16:32:09.909912+0300 SUCCESS Get feedbacks
2024-05-28T16:34:34.865966+0300 SUCCESS Get user data
2024-05-28T16:34:35.372400+0300 INFO  Request status: 200
2024-05-28T16:34:35.372916+0300 SUCCESS Get feedbacks
2024-05-29T04:57:17.350824+0300 SUCCESS Get user data
2024-05-29T04:57:17.816397+0300 ERROR {'Error request': TypeError('Cannot serialize non-str key None')}
2024-05-29T04:57:17.817061+0300 SUCCESS Get feedbacks
2024-05-29T12:20:55.038805+0300 SUCCESS Set WB token
2024-05-29T12:20:58.575656+0300 SUCCESS Return count query
2024-05-29T12:21:01.115930+0300 SUCCESS Get user data
2024-05-29T12:21:02.350676+0300 INFO  Request status: 200
2024-05-29T12:21:02.351207+0300 SUCCESS Get feedbacks
2024-05-29T12:21:02.971419+0300 INFO 200
2024-05-29T12:21:04.366197+0300 INFO 200
2024-05-29T12:21:04.366718+0300 SUCCESS Generate AI feedback
2024-05-29T12:22:21.765707+0300 SUCCESS Get user data
2024-05-29T12:22:22.337285+0300 INFO  Request status: 200
2024-05-29T12:22:22.337786+0300 SUCCESS Get feedbacks
2024-05-29T12:22:22.657928+0300 INFO 200
2024-05-29T12:22:23.991133+0300 INFO 200
2024-05-29T12:22:23.991594+0300 SUCCESS Generate AI feedback
2024-05-29T12:25:41.913148+0300 SUCCESS Get user data
2024-05-29T12:25:42.596666+0300 INFO  Request status: 200
2024-05-29T12:25:42.597276+0300 SUCCESS Get feedbacks
2024-05-29T12:25:42.909045+0300 INFO 200
2024-05-29T12:25:45.359956+0300 INFO 200
2024-05-29T12:25:45.364355+0300 SUCCESS Generate AI feedback
2024-05-29T12:26:57.843407+0300 SUCCESS Get user data
2024-05-29T12:26:58.449038+0300 INFO  Request status: 200
2024-05-29T12:26:58.449645+0300 SUCCESS Get feedbacks
2024-05-29T12:26:58.797694+0300 INFO 200
2024-05-29T12:27:03.030772+0300 INFO 200
2024-05-29T12:27:03.986504+0300 SUCCESS Generate AI feedback
2024-05-29T12:29:47.028962+0300 SUCCESS Get user data
2024-05-29T12:29:47.551207+0300 INFO  Request status: 200
2024-05-29T12:29:47.551712+0300 SUCCESS Get feedbacks
2024-05-29T12:29:47.911533+0300 INFO 200
2024-05-29T12:29:49.751410+0300 INFO 200
2024-05-29T12:29:49.751898+0300 SUCCESS Generate AI feedback
2024-05-29T12:31:25.687244+0300 SUCCESS Get user data
2024-05-29T12:31:26.431418+0300 INFO  Request status: 200
2024-05-29T12:31:26.431928+0300 SUCCESS Get feedbacks
2024-05-29T12:31:26.783153+0300 INFO 200
2024-05-29T12:31:40.211875+0300 SUCCESS Get user data
2024-05-29T12:31:40.799740+0300 INFO  Request status: 200
2024-05-29T12:31:40.800266+0300 SUCCESS Get feedbacks
2024-05-29T12:31:41.130467+0300 INFO 200
2024-05-29T12:31:58.418648+0300 INFO 200
2024-05-29T12:31:59.479924+0300 SUCCESS Generate AI feedback
2024-05-29T12:32:00.357939+0300 INFO 200
2024-05-29T12:32:01.775837+0300 INFO 200
2024-05-29T12:32:01.776288+0300 SUCCESS Generate AI feedback
2024-05-29T12:34:03.032899+0300 SUCCESS Get user data
2024-05-29T12:34:03.671019+0300 INFO  Request status: 200
2024-05-29T12:34:03.671581+0300 SUCCESS Get feedbacks
2024-05-29T12:34:04.035427+0300 INFO 200
2024-05-29T12:34:06.041830+0300 INFO 200
2024-05-29T12:34:06.042330+0300 SUCCESS Generate AI feedback
2024-05-29T12:34:06.562221+0300 INFO 200
2024-05-29T12:34:13.434416+0300 INFO 200
2024-05-29T12:34:14.710751+0300 SUCCESS Generate AI feedback
2024-05-29T12:34:32.070694+0300 SUCCESS Get user data
2024-05-29T12:34:32.720765+0300 INFO  Request status: 200
2024-05-29T12:34:32.721602+0300 SUCCESS Get feedbacks
2024-05-29T12:34:33.062287+0300 INFO 200
2024-05-29T12:34:34.920480+0300 INFO 200
2024-05-29T12:34:34.920994+0300 SUCCESS Generate AI feedback
2024-05-29T12:34:35.502940+0300 INFO 200
2024-05-29T12:34:37.309110+0300 INFO 200
2024-05-29T12:34:37.309586+0300 SUCCESS Generate AI feedback
2024-05-29T12:35:20.267051+0300 SUCCESS Get user data
2024-05-29T12:35:20.781889+0300 INFO  Request status: 200
2024-05-29T12:35:20.782424+0300 SUCCESS Get feedbacks
2024-05-29T12:35:21.101580+0300 INFO 200
2024-05-29T12:35:28.144959+0300 INFO 200
2024-05-29T12:35:29.269971+0300 SUCCESS Generate AI feedback
2024-05-29T12:35:29.902539+0300 INFO 200
2024-05-29T12:35:31.518615+0300 INFO 200
2024-05-29T12:35:31.519135+0300 SUCCESS Generate AI feedback
2024-05-29T12:36:45.743789+0300 SUCCESS Get user data
2024-05-29T12:36:46.357543+0300 INFO  Request status: 200
2024-05-29T12:36:46.358100+0300 SUCCESS Get feedbacks
2024-05-29T12:36:46.781852+0300 INFO 200
2024-05-29T12:36:49.582965+0300 INFO 200
2024-05-29T12:36:49.583420+0300 SUCCESS Generate AI feedback
2024-05-29T12:36:50.109136+0300 INFO 200
2024-05-29T12:36:59.902683+0300 INFO 200
2024-05-29T12:37:00.838025+0300 SUCCESS Generate AI feedback
2024-05-29T12:37:03.902351+0300 INFO 200
2024-05-29T12:37:07.510217+0300 INFO 200
2024-05-29T12:37:08.470510+0300 SUCCESS Generate AI feedback
2024-05-29T12:37:17.829454+0300 INFO 200
2024-05-29T12:37:22.115253+0300 INFO 200
2024-05-29T12:37:23.132242+0300 SUCCESS Generate AI feedback
2024-05-29T12:39:03.967642+0300 SUCCESS Get user data
2024-05-29T12:39:04.552568+0300 INFO  Request status: 200
2024-05-29T12:39:04.553113+0300 SUCCESS Get feedbacks
2024-05-29T12:39:04.847105+0300 INFO 200
2024-05-29T12:39:07.471170+0300 INFO 200
2024-05-29T12:39:07.471637+0300 SUCCESS Generate AI feedback
2024-05-29T12:39:08.021375+0300 INFO 200
2024-05-29T12:39:13.237783+0300 INFO 200
2024-05-29T12:39:14.239114+0300 SUCCESS Generate AI feedback
2024-05-29T12:40:20.650345+0300 SUCCESS Get user data
2024-05-29T12:40:22.074119+0300 INFO  Request status: 200
2024-05-29T12:40:22.074662+0300 SUCCESS Get feedbacks
2024-05-29T12:40:22.415712+0300 INFO 200
2024-05-29T12:40:26.341672+0300 INFO 200
2024-05-29T12:40:27.811571+0300 SUCCESS Generate AI feedback
2024-05-29T12:40:28.478468+0300 INFO 200
2024-05-29T12:40:33.208344+0300 INFO 200
2024-05-29T12:40:34.007335+0300 SUCCESS Generate AI feedback
2024-05-29T12:58:13.923357+0300 SUCCESS Get user data
2024-05-29T12:58:14.549844+0300 INFO  Request status: 200
2024-05-29T12:58:14.550445+0300 SUCCESS Get feedbacks
2024-05-29T12:58:15.046208+0300 INFO 200
2024-05-29T12:58:17.224254+0300 INFO 200
2024-05-29T12:58:17.224868+0300 SUCCESS Generate AI feedback
2024-05-29T12:58:17.737659+0300 INFO 200
2024-05-29T12:58:19.829272+0300 INFO 200
2024-05-29T12:58:19.829745+0300 SUCCESS Generate AI feedback
2024-05-29T12:59:03.073598+0300 SUCCESS Get user data
2024-05-29T12:59:03.583697+0300 INFO  Request status: 200
2024-05-29T12:59:03.584200+0300 SUCCESS Get feedbacks
2024-05-29T12:59:04.240649+0300 INFO 200
2024-05-29T12:59:05.909401+0300 INFO 200
2024-05-29T12:59:05.910189+0300 SUCCESS Generate AI feedback
2024-05-29T12:59:06.534495+0300 INFO 200
2024-05-29T12:59:08.471395+0300 INFO 200
2024-05-29T12:59:08.471950+0300 SUCCESS Generate AI feedback
2024-05-29T13:04:44.545571+0300 SUCCESS Get user data
2024-05-29T13:04:45.218527+0300 INFO  Request status: 200
2024-05-29T13:04:45.219041+0300 SUCCESS Get feedbacks
2024-05-29T13:04:45.598912+0300 INFO 200
2024-05-29T13:04:53.332747+0300 INFO 200
2024-05-29T13:04:54.423708+0300 SUCCESS Generate AI feedback
2024-05-29T13:04:54.961116+0300 INFO 200
2024-05-29T13:04:57.823180+0300 INFO 200
2024-05-29T13:04:57.823896+0300 SUCCESS Generate AI feedback
2024-05-29T13:07:09.275772+0300 INFO 200
2024-05-29T13:07:11.028543+0300 INFO 200
2024-05-29T13:07:11.029046+0300 SUCCESS Generate AI feedback
2024-05-29T13:11:53.423801+0300 SUCCESS Get user data
2024-05-29T13:11:54.388055+0300 INFO  Request status: 200
2024-05-29T13:11:54.388548+0300 SUCCESS Get feedbacks
2024-05-29T13:11:54.697375+0300 INFO 200
2024-05-29T13:11:59.986715+0300 INFO 200
2024-05-29T13:12:00.693087+0300 SUCCESS Generate AI feedback
2024-05-29T13:12:01.244954+0300 INFO 200
2024-05-29T13:12:02.605237+0300 INFO 200
2024-05-29T13:12:02.605949+0300 SUCCESS Generate AI feedback
2024-05-29T13:12:07.452926+0300 INFO 405
2024-05-29T13:12:07.453568+0300 SUCCESS Answer feedback
2024-05-29T13:12:08.354476+0300 INFO 405
2024-05-29T13:12:08.354956+0300 SUCCESS Update check feedback
2024-05-29T13:12:08.360936+0300 SUCCESS Minus 1 count query
2024-05-29T13:13:10.085318+0300 INFO 405
2024-05-29T13:13:10.085846+0300 SUCCESS Answer feedback
2024-05-29T13:13:11.348719+0300 INFO 405
2024-05-29T13:13:11.349193+0300 SUCCESS Update check feedback
2024-05-29T13:13:11.355104+0300 SUCCESS Minus 1 count query
2024-05-29T13:13:49.850937+0300 SUCCESS Get user data
2024-05-29T13:13:50.564249+0300 INFO  Request status: 200
2024-05-29T13:13:50.564803+0300 SUCCESS Get feedbacks
2024-05-29T13:13:51.011755+0300 INFO 200
2024-05-29T13:13:53.066634+0300 INFO 200
2024-05-29T13:13:53.067139+0300 SUCCESS Generate AI feedback
2024-05-29T13:13:53.637686+0300 INFO 200
2024-05-29T13:14:01.041480+0300 INFO 200
2024-05-29T13:14:02.041587+0300 SUCCESS Generate AI feedback
2024-05-29T13:14:07.307986+0300 INFO 405
2024-05-29T13:14:07.308845+0300 SUCCESS Answer feedback
2024-05-29T13:14:08.207719+0300 INFO 405
2024-05-29T13:14:08.208185+0300 SUCCESS Update check feedback
2024-05-29T13:14:08.213142+0300 SUCCESS Minus 1 count query
2024-05-29T13:15:21.251838+0300 SUCCESS Get user data
2024-05-29T13:15:21.831220+0300 INFO  Request status: 200
2024-05-29T13:15:21.831766+0300 SUCCESS Get feedbacks
2024-05-29T13:15:22.172545+0300 INFO 200
2024-05-29T13:15:37.450357+0300 INFO 200
2024-05-29T13:15:38.452984+0300 SUCCESS Generate AI feedback
2024-05-29T13:15:39.233847+0300 INFO 200
2024-05-29T13:17:05.750495+0300 SUCCESS Get user data
2024-05-29T13:17:06.682270+0300 INFO  Request status: 200
2024-05-29T13:17:06.682862+0300 SUCCESS Get feedbacks
2024-05-29T13:17:07.003573+0300 INFO 200
2024-05-29T13:17:08.947744+0300 INFO 200
2024-05-29T13:17:08.948254+0300 SUCCESS Generate AI feedback
2024-05-29T13:17:09.543089+0300 INFO 200
2024-05-29T13:17:11.026077+0300 INFO 200
2024-05-29T13:17:11.026528+0300 SUCCESS Generate AI feedback
2024-05-29T13:17:26.756413+0300 SUCCESS Answer feedback
2024-05-29T13:17:26.756713+0300 SUCCESS Update check feedback
2024-05-29T13:17:26.761018+0300 SUCCESS Minus 1 count query
2024-05-29T13:18:08.809006+0300 SUCCESS Get user data
2024-05-29T13:18:09.354253+0300 INFO  Request status: 200
2024-05-29T13:18:09.354743+0300 SUCCESS Get feedbacks
2024-05-29T13:18:09.675898+0300 INFO 200
2024-05-29T13:18:16.833839+0300 INFO 200
2024-05-29T13:18:16.972734+0300 SUCCESS Generate AI feedback
2024-05-29T13:18:17.504011+0300 INFO 200
2024-05-29T13:18:19.145150+0300 INFO 200
2024-05-29T13:18:19.145620+0300 SUCCESS Generate AI feedback
2024-05-29T13:32:05.914949+0300 SUCCESS Get user data
2024-05-29T13:32:06.735417+0300 INFO  Request status: 200
2024-05-29T13:32:06.736008+0300 SUCCESS Get feedbacks
2024-05-29T13:32:12.768060+0300 SUCCESS Get user data
2024-05-29T13:32:13.305137+0300 INFO  Request status: 200
2024-05-29T13:32:13.305646+0300 SUCCESS Get feedbacks
2024-05-29T13:35:50.128508+0300 SUCCESS Get user data
2024-05-29T13:35:50.617964+0300 INFO  Request status: 200
2024-05-29T13:35:50.618476+0300 SUCCESS Get feedbacks
2024-05-29T13:38:20.386156+0300 SUCCESS Get user data
2024-05-29T13:38:21.427953+0300 INFO  Request status: 200
2024-05-29T13:38:21.428441+0300 SUCCESS Get feedbacks
2024-05-29T13:38:21.861660+0300 INFO 200
2024-05-29T13:38:28.205305+0300 INFO 200
2024-05-29T13:38:28.205743+0300 SUCCESS Generate AI feedback
2024-05-29T13:38:28.731151+0300 INFO 200
2024-05-29T13:38:31.665258+0300 INFO 200
2024-05-29T13:38:31.665898+0300 SUCCESS Generate AI feedback
2024-05-29T13:42:13.134399+0300 SUCCESS Get user data
2024-05-29T13:42:13.668891+0300 INFO  Request status: 200
2024-05-29T13:42:13.669415+0300 SUCCESS Get feedbacks
2024-05-29T13:42:13.978359+0300 INFO 200
2024-05-29T13:42:15.664718+0300 INFO 200
2024-05-29T13:42:15.665400+0300 SUCCESS Generate AI feedback
2024-05-29T13:42:18.057964+0300 SUCCESS Answer feedback
2024-05-29T13:42:18.063802+0300 SUCCESS Minus 1 count query
2024-05-29T13:42:34.029560+0300 SUCCESS Get user data
2024-05-29T13:42:34.667773+0300 INFO  Request status: 200
2024-05-29T13:42:34.668258+0300 SUCCESS Get feedbacks
2024-05-29T13:42:35.012050+0300 INFO 200
2024-05-29T13:42:37.109145+0300 INFO 200
2024-05-29T13:42:37.109613+0300 SUCCESS Generate AI feedback
2024-05-29T13:43:58.533138+0300 SUCCESS Get user data
2024-05-29T13:43:59.345840+0300 INFO  Request status: 200
2024-05-29T13:43:59.346552+0300 SUCCESS Get feedbacks
2024-05-29T13:43:59.650328+0300 INFO 200
2024-05-29T13:44:04.708270+0300 SUCCESS Get user data
2024-05-29T13:44:05.350137+0300 INFO  Request status: 200
2024-05-29T13:44:05.350911+0300 SUCCESS Get feedbacks
2024-05-29T13:44:05.678663+0300 INFO 200
2024-05-29T13:44:07.367267+0300 INFO 200
2024-05-29T13:44:07.367755+0300 SUCCESS Generate AI feedback
2024-05-29T13:44:10.318135+0300 INFO  Request status: 200
2024-05-29T13:44:10.318809+0300 SUCCESS Answer feedback
2024-05-29T13:44:10.323815+0300 SUCCESS Minus 1 count query
2024-05-29T13:44:25.280099+0300 SUCCESS Get user data
2024-05-29T13:44:25.765217+0300 INFO  Request status: 200
2024-05-29T13:44:25.765732+0300 SUCCESS Get feedbacks
